<?xml version="1.0" encoding="UTF-8"?>
<testsuite xmlns:xsi="http://www.w3.org/2001/XMLSchema-instance" xsi:noNamespaceSchemaLocation="https://maven.apache.org/surefire/maven-surefire-plugin/xsd/surefire-test-report-3.0.xsd" version="3.0" name="io.signoz.springboot.masking.RegexMaskingStrategyTest" time="0.001" tests="5" errors="0" skipped="0" failures="0">
  <properties>
[...]
</properties>
  <testcase name="customReplacementTemplateIsApplied" classname="io.signoz.springboot.masking.RegexMaskingStrategyTest" time="0.0"/>
  <testcase name="nullValueReturnsStars" classname="io.signoz.springboot.masking.RegexMaskingStrategyTest" time="0.0"/>
  <testcase name="getPatternReturnsCompiledPatternWithOriginalRegex" classname="io.signoz.springboot.masking.RegexMaskingStrategyTest" time="0.0"/>
  <testcase name="noMatchReturnsOriginal" classname="io.signoz.springboot.masking.RegexMaskingStrategyTest" time="0.0"/>
  <testcase name="fullMatchReplacesEntireMatchWithStars" classname="io.signoz.springboot.masking.RegexMaskingStrategyTest" time="0.0"/>
</testsuite>