<?xml version="1.0" encoding="UTF-8"?>
<testsuite xmlns:xsi="http://www.w3.org/2001/XMLSchema-instance" xsi:noNamespaceSchemaLocation="https://maven.apache.org/surefire/maven-surefire-plugin/xsd/surefire-test-report-3.0.xsd" version="3.0" name="io.signoz.springboot.autoconfigure.SigNozLoggingAutoConfigurationTest" time="0.031" tests="5" errors="0" skipped="0" failures="0">
  <properties>
[...]
</properties>
  <testcase name="logbackConfigurerBeanIsCreated" classname="io.signoz.springboot.autoconfigure.SigNozLoggingAutoConfigurationTest" time="0.006"/>
  <testcase name="maskingRegistryBeanCreated" classname="io.signoz.springboot.autoconfigure.SigNozLoggingAutoConfigurationTest" time="0.005"/>
  <testcase name="maskingRegistryUsesCustomMaskedFields" classname="io.signoz.springboot.autoconfigure.SigNozLoggingAutoConfigurationTest" time="0.006"/>
  <testcase name="customMaskingRegistryPreventsBeanCreation" classname="io.signoz.springboot.autoconfigure.SigNozLoggingAutoConfigurationTest" time="0.005"/>
  <testcase name="sigNozJsonEncoderBeanCreated" classname="io.signoz.springboot.autoconfigure.SigNozLoggingAutoConfigurationTest" time="0.005"/>
</testsuite>