<?xml version="1.0" encoding="UTF-8"?>
<testsuite xmlns:xsi="http://www.w3.org/2001/XMLSchema-instance" xsi:noNamespaceSchemaLocation="https://maven.apache.org/surefire/maven-surefire-plugin/xsd/surefire-test-report-3.0.xsd" version="3.0" name="io.signoz.springboot.autoconfigure.SigNozTracingAutoConfigurationTest" time="0.023" tests="3" errors="0" skipped="0" failures="0">
  <properties>
[...]
</properties>
  <testcase name="tracedAspectBeanCreated" classname="io.signoz.springboot.autoconfigure.SigNozTracingAutoConfigurationTest" time="0.01"/>
  <testcase name="sigNozTracerBeanCreated" classname="io.signoz.springboot.autoconfigure.SigNozTracingAutoConfigurationTest" time="0.006"/>
  <testcase name="tracingDisabledSkipsAllBeans" classname="io.signoz.springboot.autoconfigure.SigNozTracingAutoConfigurationTest" time="0.005"/>
</testsuite>